<?xml version="1.0" encoding="UTF-8"?>
<!-- Generated by org.testng.reporters.JUnitReportReporter -->
<testsuite hostname="NAA" failures="0" tests="4" name="testscripts.LoginTestCases" time="11.468" errors="0" timestamp="2025-03-18T15:17:36 IST" skipped="0">
  <testcase classname="testscripts.LoginTestCases" name="verifyWhetherUserIsAbleToLoginWithInvalidCredentials" time="3.306"/>
  <testcase classname="testscripts.LoginTestCases" name="verifyWhetherUserIsAbleToLoginWithValidUsernameAndInvalidPassword" time="3.044"/>
  <testcase classname="testscripts.LoginTestCases" name="verifyWhetherUserIsAbleToLoginWithInValidUsernameAndValidPassword" time="2.644"/>
  <testcase classname="testscripts.LoginTestCases" name="verifyWhetherUserIsAbleToLoginWithValidCredentials" time="2.474"/>
</testsuite> <!-- testscripts.LoginTestCases -->
