<?xml version="1.0" encoding="UTF-8"?>
<!-- Generated by org.testng.reporters.JUnitReportReporter -->
<testsuite hostname="NAA" failures="0" tests="2" name="testscripts.SubCategoryTest" time="13.771" errors="0" timestamp="2025-04-02T11:56:31 IST" skipped="0">
  <testcase classname="testscripts.SubCategoryTest" name="verifyWhetherUserIsAbleToAddANewCategoryOnTheSubCategoryPage" time="8.444"/>
  <testcase classname="testscripts.SubCategoryTest" name="verifyWhetherUserIsAbleToPerformSearchOnTheSubCategoryPage" time="5.327"/>
</testsuite> <!-- testscripts.SubCategoryTest -->
