<?xml version="1.0" encoding="UTF-8"?>
<!-- Generated by org.testng.reporters.JUnitReportReporter -->
<testsuite hostname="NAA" failures="0" tests="1" name="testscripts.LoginTest" time="3.002" errors="0" timestamp="2025-04-03T10:43:21 IST" skipped="0">
  <testcase classname="testscripts.LoginTest" name="verifyWhetherUserIsAbleToLoginWithValidCredentials" time="3.002"/>
</testsuite> <!-- testscripts.LoginTest -->
