<?xml version="1.0" encoding="UTF-8"?>
<!-- Generated by org.testng.reporters.JUnitReportReporter -->
<testsuite hostname="NAA" failures="0" tests="1" name="testscripts.HomeTest" time="4.471" errors="0" timestamp="2025-04-03T10:18:07 IST" skipped="0">
  <testcase classname="testscripts.HomeTest" name="verifyWhetherUserIsAbleToLogoutSuccessfully" time="4.471"/>
</testsuite> <!-- testscripts.HomeTest -->
