<?xml version="1.0" encoding="UTF-8"?>
<!-- Generated by org.testng.reporters.JUnitReportReporter -->
<testsuite hostname="NAA" failures="0" tests="3" name="testscripts.ManageUsersTest" time="19.047" errors="0" timestamp="2025-03-31T22:48:39 IST" skipped="0">
  <testcase classname="testscripts.ManageUsersTest" name="verifyWhetherUserIsAbleToNavigateToManageUsersPageAndAddANewUser" time="7.737"/>
  <testcase classname="testscripts.ManageUsersTest" name="verifyWhetherUserIsAbleToNavigateToManageUsersPageAndSearchForAUser" time="5.531"/>
  <testcase classname="testscripts.ManageUsersTest" name="verifyWhetherUserIsAbleToNavigateToManageUsersPageAndPerformAReset" time="5.779"/>
</testsuite> <!-- testscripts.ManageUsersTest -->
