<?xml version="1.0" encoding="UTF-8"?>
<!-- Generated by org.testng.reporters.JUnitReportReporter -->
<testsuite hostname="NAA" failures="0" tests="4" name="seleniumBasics.LoginTest" time="18.865" errors="0" timestamp="2025-03-18T10:26:08 IST" skipped="0">
  <testcase classname="seleniumBasics.LoginTest" name="verifyWhetherUserCanLoginWithValidCredentials" time="11.447"/>
  <testcase classname="seleniumBasics.LoginTest" name="verifyWhetherUserCanLoginWithValidUsernameAndInvalidPassword" time="2.506"/>
  <testcase classname="seleniumBasics.LoginTest" name="verifyWhetherUserCanLoginWithInvalidCredentials" time="2.465"/>
  <testcase classname="seleniumBasics.LoginTest" name="verifyWhetherUserCanLoginWithInvalidUsernameAndValidPassword" time="2.447"/>
</testsuite> <!-- seleniumBasics.LoginTest -->
