<?xml version="1.0" encoding="UTF-8"?>
<!-- Generated by org.testng.reporters.JUnitReportReporter -->
<testsuite hostname="NAA" failures="0" tests="1" name="seleniumBasics.TestNgAnnotations" time="0.017" errors="0" timestamp="2025-03-14T09:24:03 IST" skipped="0">
  <testcase classname="seleniumBasics.TestNgAnnotations" name="testCaseSample" time="0.017"/>
</testsuite> <!-- seleniumBasics.TestNgAnnotations -->
